1.000000 -1.575250 -0.218559 -0.706617 0.689526 0.810225 -0.720134 
1.000000 -1.136230 -1.227460 -1.742590 -0.612896 -0.908260 -0.720134 
1.000000 0.290595 0.341945 -0.764172 0.559284 -0.908260 -0.720134 
1.000000 -1.575250 0.061693 -0.917650 -0.873380 -0.908260 -0.720134 
1.000000 -2.233790 -0.666961 -1.128680 0.950010 -0.908260 -0.720134 
1.000000 -0.697207 0.005643 0.386914 0.429042 -0.908260 -0.720134 
1.000000 0.180839 0.341945 -1.128680 -0.178755 -0.564563 -0.720134 
1.000000 1.168640 1.462950 -0.438031 -0.612896 1.068000 -0.720134 
1.000000 -0.367940 -0.779062 1.422890 0.863182 -0.736411 -0.720134 
1.000000 -0.148428 -1.451670 1.115940 0.168557 -0.908260 -0.720134 
1.000000 -1.136230 -1.675870 -0.821726 -0.178755 1.669470 -0.720134 
1.000000 -0.258184 0.454045 -0.476400 -1.785080 -0.908260 -0.720134 
1.000000 0.071083 -0.779062 -1.109500 0.429042 0.724301 -0.720134 
1.000000 -1.136230 -1.059310 0.175882 1.427560 -0.908260 -0.720134 
1.000000 -1.245990 0.341945 -0.303737 1.210490 -0.908260 -0.720134 
1.000000 1.388150 -0.891163 0.502023 -0.048513 -0.049017 0.347527 
1.000000 -1.245990 -1.451670 -2.107110 0.993424 -0.392714 -0.720134 
1.000000 0.180839 -0.779062 1.979250 0.472456 -0.392714 -0.720134 
1.000000 1.168640 0.678247 0.521208 -0.005099 -0.908260 0.347527 
1.000000 0.071083 -0.779062 -0.207813 0.732940 -0.908260 -0.720134 
1.000000 -0.587451 -1.339570 0.060773 0.298799 -0.908260 -0.720134 
1.000000 -0.806963 -0.218559 0.463653 -0.569482 -0.736411 -0.720134 
1.000000 -2.014280 -0.779062 -0.687433 0.776354 -0.908260 -0.720134 
1.000000 -0.367940 1.014550 0.904903 1.123670 0.122831 -0.720134 
1.000000 -1.245990 -0.891163 -0.169444 -0.135341 -0.650487 0.347527 
1.000000 -1.465500 0.341945 -0.476400 1.123670 -0.908260 -0.720134 
1.000000 0.400351 0.902448 -0.744987 0.211971 0.466528 -0.720134 
1.000000 -1.026470 0.454045 -1.416450 0.342213 0.294680 -0.720134 
1.000000 2.266200 0.341945 -1.032760 -1.568000 0.036907 -0.720134 
1.000000 -1.575250 -1.227460 0.329360 0.863182 -0.908260 -0.720134 
1.000000 -0.148428 0.061693 1.020010 0.776354 -0.908260 -0.720134 
1.000000 -0.587451 -0.274609 -1.051940 0.472456 -0.908260 -0.720134 
1.000000 -0.477696 -0.218559 0.099143 -0.135341 -0.478638 -0.720134 
1.000000 0.180839 0.902448 -1.589120 0.950010 0.466528 -0.720134 
1.000000 0.949130 -1.339570 -0.764172 -0.352411 0.638377 -0.720134 
1.000000 -1.245990 -0.779062 0.233436 0.906596 -0.908260 -0.720134 
1.000000 -1.355740 -1.339570 -0.764172 0.385627 -0.908260 -0.720134 
1.000000 -0.367940 2.135560 -0.994389 0.429042 -0.478638 -0.720134 
1.000000 -0.258184 0.229844 -0.322922 0.342213 -0.908260 -0.720134 
1.000000 -0.806963 -0.218559 -0.111890 1.210490 -0.736411 -0.720134 
1.000000 -2.014280 -0.218559 -0.015966 1.514390 2.099090 -0.720134 
1.000000 0.290595 0.902448 0.617131 0.429042 -0.049017 -0.720134 
1.000000 -1.136230 0.229844 -0.284553 -0.005099 -0.736411 -0.720134 
1.000000 0.071083 0.341945 0.828164 0.038315 0.208756 -0.720134 
1.000000 -1.465500 -0.779062 -0.802541 0.906596 -0.908260 -0.720134 
1.000000 -0.367940 -0.891163 -1.243790 1.644630 -0.908260 -0.720134 
1.000000 -0.148428 -1.451670 0.310175 0.646112 -0.908260 -0.720134 
1.000000 1.168640 0.902448 -0.476400 -1.654830 1.325770 -0.720134 
1.000000 0.180839 -1.339570 -0.956019 -1.133860 0.380604 -0.720134 
1.000000 -1.355740 -0.666961 -0.725802 0.559284 -0.736411 -0.720134 
1.000000 -1.794770 -2.236370 -0.994389 1.167080 -0.908260 -0.720134 
1.000000 1.168640 -0.779062 0.981642 -0.048513 -0.564563 -0.720134 
1.000000 -0.587451 -0.779062 -0.131074 0.429042 0.036907 -0.720134 
1.000000 -1.355740 -0.218559 1.231040 0.429042 0.724301 0.347527 
1.000000 0.290595 -1.619820 -0.207813 0.081729 -0.392714 -0.720134 
1.000000 -0.148428 1.462950 -0.956019 0.472456 -0.908260 0.347527 
1.000000 0.510107 -1.787970 1.288600 0.342213 -0.908260 0.347527 
1.000000 -1.026470 -1.619820 -0.898465 0.863182 -0.908260 -0.720134 
1.000000 0.949130 0.341945 1.192670 -0.829966 -0.736411 -0.720134 
1.000000 -0.477696 0.341945 0.195067 1.470980 -0.908260 -0.720134 
1.000000 -0.148428 0.902448 -0.361292 0.559284 0.466528 -0.720134 
1.000000 -1.136230 -0.218559 -0.322922 0.993424 -0.392714 -0.720134 
1.000000 0.510107 0.902448 -0.207813 0.819768 -0.134941 -0.720134 
1.000000 0.839374 0.341945 -1.071130 1.167080 -0.908260 1.415190 
1.000000 -1.245990 -0.779062 -0.476400 0.732940 -0.908260 -0.720134 
1.000000 -0.477696 -0.498810 -0.725802 -1.177280 0.294680 0.347527 
1.000000 -1.465500 -1.787970 0.271806 -1.307520 -0.392714 -0.720134 
1.000000 -1.355740 0.902448 -0.073520 0.819768 0.380604 -0.720134 
1.000000 -1.245990 -0.218559 -0.342107 1.167080 -0.564563 -0.720134 
1.000000 -0.148428 -0.498810 0.425284 -0.005099 -0.478638 0.347527 
1.000000 -0.038672 -0.218559 0.214251 0.125143 -0.908260 -0.720134 
1.000000 0.729618 -0.554861 -0.802541 0.472456 -0.908260 -0.720134 
1.000000 0.180839 -0.106458 -0.840911 0.689526 -0.908260 -0.720134 
1.000000 -2.892320 -0.218559 -0.898465 2.165600 -0.908260 -0.720134 
1.000000 0.949130 -0.218559 1.000830 -1.307520 0.810225 1.415190 
1.000000 -1.794770 0.229844 -0.591509 -0.005099 -0.908260 -0.720134 
1.000000 0.839374 0.622196 -0.342107 -0.091927 1.068000 -0.720134 
1.000000 -0.148428 -0.779062 0.137512 -0.222169 -0.564563 -0.720134 
1.000000 -2.343540 -0.891163 -0.783356 1.731460 -0.306790 -0.720134 
1.000000 -0.148428 -1.339570 -0.706617 0.255385 0.466528 -0.720134 
1.000000 0.071083 -0.218559 -0.572324 0.472456 -0.908260 -0.720134 
1.000000 -2.233790 0.229844 -1.301350 1.297320 0.294680 -0.720134 
1.000000 0.290595 -0.218559 -1.032760 -0.916794 -0.392714 -0.720134 
1.000000 0.839374 0.061693 0.022404 0.863182 -0.908260 -0.720134 
1.000000 -1.355740 -1.059310 1.000830 1.253910 0.122831 -0.720134 
1.000000 -1.575250 -0.779062 -1.800150 1.297320 -0.908260 -0.720134 
1.000000 0.180839 0.902448 -2.394880 0.906596 -0.736411 0.347527 
1.000000 0.071083 -0.779062 -0.284553 1.123670 -0.220866 -0.720134 
1.000000 -1.245990 -0.218559 -0.610694 1.557810 -0.908260 -0.720134 
1.000000 -0.916719 0.229844 0.118328 0.168557 -0.908260 -0.720134 
1.000000 0.400351 2.471860 0.367729 -0.308997 2.700560 -0.720134 
1.000000 0.510107 -0.779062 -1.397270 -2.436290 -0.908260 -0.720134 
1.000000 2.046690 -0.779062 0.348545 -1.350930 -0.736411 0.347527 
1.000000 0.729618 -0.218559 -0.380476 -0.265583 0.638377 2.482850 
1.000000 -0.258184 -0.218559 -0.092705 0.906596 -0.908260 2.482850 
1.000000 0.400351 0.229844 0.386914 1.297320 -0.908260 -0.720134 
1.000000 -0.477696 -0.498810 -0.111890 0.602698 1.153920 -0.720134 
1.000000 1.058890 1.182700 0.348545 -0.178755 -0.220866 -0.720134 
1.000000 0.400351 0.061693 -0.322922 0.385627 -0.478638 -0.720134 
1.000000 1.278400 -1.059310 6.008050 0.342213 0.466528 -0.720134 
1.000000 -1.685010 0.341945 -0.994389 1.123670 0.294680 -0.720134 
1.000000 1.278400 1.014550 0.502023 0.863182 -0.908260 0.347527 
1.000000 0.180839 -0.330659 1.000830 0.298799 -0.908260 0.347527 
1.000000 -1.465500 0.790347 -0.131074 1.123670 -0.220866 1.415190 
1.000000 -0.916719 -0.218559 0.041589 1.167080 -0.908260 -0.720134 
1.000000 1.607660 1.238750 -0.111890 -0.395825 -0.908260 -0.720134 
1.000000 -0.806963 -0.666961 -0.553139 1.470980 -0.908260 -0.720134 
1.000000 -0.806963 -0.554861 0.079958 0.993424 -0.908260 1.415190 
1.000000 -0.148428 0.341945 -0.226998 0.342213 0.122831 -0.720134 
1.000000 -1.575250 -0.442760 1.058380 0.472456 -0.908260 -0.720134 
1.000000 0.400351 0.341945 -0.572324 0.515870 -0.908260 -0.720134 
1.000000 -0.477696 -0.779062 0.847349 0.211971 -0.392714 -0.720134 
1.000000 -0.038672 0.061693 -0.015966 0.385627 0.294680 -0.720134 
1.000000 -0.367940 -1.451670 -0.342107 -0.222169 -0.822335 2.482850 
1.000000 -0.587451 -0.779062 -0.610694 0.255385 0.466528 -0.720134 
1.000000 -0.477696 0.341945 1.096750 -0.439239 0.380604 0.347527 
1.000000 0.949130 2.023450 -0.457215 0.125143 -0.392714 -0.720134 
1.000000 1.717420 -1.227460 -1.953630 -1.177280 0.466528 -0.720134 
1.000000 -1.794770 0.341945 1.346150 1.297320 -0.908260 -0.720134 
1.000000 1.497910 0.341945 -0.226998 -0.048513 0.638377 1.415190 
1.000000 -0.258184 -0.218559 0.252621 -0.395825 -0.564563 -0.720134 
1.000000 1.058890 1.462950 2.094360 -0.048513 -0.220866 -0.720134 
1.000000 -0.477696 -1.900070 -0.553139 -0.395825 0.122831 -0.720134 
1.000000 1.058890 0.341945 3.187890 0.211971 -0.220866 0.347527 
1.000000 -0.038672 -0.106458 1.749030 0.602698 0.122831 -0.720134 
1.000000 -0.367940 -0.330659 -0.879280 1.384150 -0.908260 -0.720134 
1.000000 -0.367940 0.117743 -1.051940 0.732940 -0.822335 -0.720134 
1.000000 0.619862 0.902448 -0.150259 -0.656310 -0.049017 -0.720134 
1.000000 -1.245990 -0.779062 -0.591509 0.776354 -0.908260 -0.720134 
1.000000 1.717420 -1.339570 0.271806 -0.960208 -0.908260 0.347527 
1.000000 -1.575250 -1.619820 -1.013570 0.689526 -0.908260 0.347527 
1.000000 -0.697207 -0.218559 0.290990 0.819768 -0.392714 -0.720134 
1.000000 0.949130 -0.330659 0.233436 -2.045560 -0.736411 0.347527 
1.000000 -0.367940 0.005643 -0.956019 0.255385 -0.220866 0.347527 
1.000000 -1.026470 -1.844020 -1.032760 0.168557 -0.908260 -0.720134 
1.000000 0.729618 -0.330659 -0.821726 -0.526068 -0.908260 -0.720134 
1.000000 -0.258184 0.341945 -0.917650 0.125143 1.755390 -0.720134 
1.000000 1.168640 -1.227460 -0.744987 -0.873380 -0.822335 0.347527 
1.000000 1.497910 0.341945 0.060773 -0.265583 0.810225 2.482850 
1.000000 -0.587451 0.341945 -0.342107 0.472456 -0.392714 0.347527 
1.000000 -2.233790 -0.442760 0.597947 0.168557 -0.908260 -0.720134 
1.000000 -1.136230 -1.339570 0.252621 -0.873380 0.122831 -0.720134 
1.000000 0.290595 -0.498810 0.943272 0.819768 -0.908260 1.415190 
1.000000 0.510107 -0.947213 -0.399661 0.342213 0.294680 1.415190 
1.000000 -0.038672 -0.330659 -0.879280 -0.960208 0.810225 0.347527 
1.000000 1.278400 -0.779062 -0.265368 -3.521640 -0.049017 -0.720134 
1.000000 -1.245990 -1.339570 -1.032760 1.080250 -0.908260 0.347527 
1.000000 0.619862 0.005643 -0.322922 -0.308997 1.325770 1.415190 
1.000000 0.619862 0.790347 -0.917650 0.385627 -0.908260 0.347527 
1.000000 1.168640 1.462950 -0.092705 -1.394350 -0.908260 2.482850 
1.000000 1.607660 -0.218559 1.365340 -1.871900 1.153920 2.482850 
1.000000 -1.245990 -0.779062 -1.569930 -0.352411 1.497620 -0.720134 
1.000000 0.290595 -1.115360 1.288600 -0.526068 2.872410 2.482850 
1.000000 0.729618 -0.218559 0.233436 -2.392870 0.122831 0.347527 
1.000000 1.058890 0.902448 -0.495585 -1.654830 -0.049017 2.482850 
1.000000 0.290595 -0.779062 0.636316 0.342213 0.638377 -0.720134 
1.000000 0.729618 -0.779062 0.310175 -2.306040 0.638377 1.415190 
1.000000 -0.806963 -0.218559 0.099143 -0.091927 -0.908260 1.415190 
1.000000 -0.587451 0.566146 -0.975204 -1.133860 -0.134941 -0.720134 
1.000000 -0.477696 -0.218559 1.039200 -0.439239 0.122831 -0.720134 
1.000000 -0.038672 2.583960 1.461260 -1.524590 2.013160 -0.720134 
1.000000 0.619862 0.341945 -0.840911 -0.612896 0.724301 0.347527 
1.000000 -0.587451 0.902448 -0.150259 -1.047040 1.325770 -0.720134 
1.000000 0.400351 2.023450 0.713055 0.298799 -0.736411 -0.720134 
1.000000 -0.148428 -1.339570 -0.860096 -1.915320 -0.908260 0.347527 
1.000000 0.180839 -0.554861 0.195067 -0.482654 -0.650487 -0.720134 
1.000000 -0.916719 -1.451670 -0.150259 -0.005099 -0.908260 -0.720134 
1.000000 0.180839 0.902448 0.482838 -1.741660 -0.392714 0.347527 
1.000000 0.071083 3.704960 0.713055 -0.829966 2.528710 1.415190 
1.000000 0.290595 -0.330659 0.156697 -0.960208 1.669470 1.415190 
1.000000 0.290595 2.023450 -0.495585 -0.265583 1.497620 1.415190 
1.000000 0.290595 -0.106458 -0.514770 0.906596 1.841320 1.415190 
1.000000 0.510107 -0.218559 0.041589 -0.352411 0.294680 0.347527 
1.000000 1.058890 -1.339570 -0.054335 0.255385 -0.392714 1.415190 
1.000000 -1.355740 -0.779062 -1.416450 -1.394350 1.239850 -0.720134 
1.000000 0.400351 2.023450 1.442080 -0.526068 2.013160 -0.720134 
1.000000 0.949130 -0.779062 -0.092705 -2.436290 0.982074 0.347527 
1.000000 1.278400 -0.779062 -0.418846 -1.003620 1.325770 1.415190 
1.000000 0.839374 -0.218559 1.518820 -0.873380 0.638377 2.482850 
1.000000 0.180839 -0.218559 -0.284553 0.950010 -0.908260 0.347527 
1.000000 -0.806963 -1.339570 -0.418846 0.689526 -0.049017 -0.720134 
1.000000 -0.148428 -0.554861 0.290990 -1.871900 0.982074 0.347527 
1.000000 1.607660 1.462950 0.348545 -1.741660 1.583540 0.347527 
1.000000 0.290595 0.678247 -0.629878 -2.045560 0.810225 0.347527 
1.000000 -1.685010 -1.339570 -1.608300 -1.654830 0.810225 -0.720134 
1.000000 0.510107 0.341945 -1.262980 0.125143 1.669470 -0.720134 
1.000000 0.729618 0.902448 -0.131074 0.081729 0.294680 -0.720134 
1.000000 0.180839 1.014550 0.444469 -2.783600 0.122831 0.347527 
1.000000 0.180839 1.126650 -0.361292 0.515870 -0.908260 0.347527 
1.000000 -0.367940 -0.330659 0.079958 0.385627 -0.908260 0.347527 
1.000000 -1.026470 0.341945 1.154300 -1.394350 0.638377 1.415190 
1.000000 0.290595 0.117743 1.307780 -0.005099 -0.908260 1.415190 
1.000000 2.375960 -0.498810 1.020010 0.429042 -0.908260 2.482850 
1.000000 -0.477696 0.341945 0.924088 0.906596 0.466528 -0.720134 
1.000000 0.729618 -0.779062 0.578762 -2.132390 0.294680 0.347527 
1.000000 1.058890 0.229844 0.597947 0.950010 0.294680 0.347527 
1.000000 -1.904520 -0.779062 -0.380476 1.297320 2.356860 -0.720134 
1.000000 -1.685010 1.014550 -0.533955 1.253910 -0.908260 -0.720134 
1.000000 1.388150 2.583960 0.444469 -0.091927 0.466528 -0.720134 
1.000000 0.180839 -0.218559 -2.298950 -1.611420 0.122831 0.347527 
1.000000 0.400351 -0.442760 -0.629878 -0.786552 0.982074 0.347527 
1.000000 0.729618 0.341945 0.329360 0.342213 2.185010 1.415190 
1.000000 1.278400 1.462950 0.674686 -1.915320 0.380604 2.482850 
1.000000 0.400351 1.687150 -1.435640 -2.696770 -0.049017 1.415190 
1.000000 -1.245990 -1.227460 0.751425 0.038315 -0.908260 0.347527 
1.000000 0.510107 0.341945 0.808979 0.776354 0.122831 1.415190 
1.000000 -1.355740 -0.106458 1.729850 -0.699724 1.669470 -0.720134 
1.000000 -0.697207 -0.891163 -1.953630 -1.133860 -0.220866 2.482850 
1.000000 1.168640 2.471860 -0.438031 0.559284 -0.049017 1.415190 
1.000000 1.278400 -1.900070 0.924088 -1.177280 -0.134941 1.415190 
1.000000 0.180839 1.743200 0.732240 -1.220690 -0.049017 2.482850 
1.000000 0.071083 0.005643 3.034410 -0.091927 0.724301 1.415190 
1.000000 1.058890 0.061693 0.060773 -1.090450 1.497620 0.347527 
1.000000 0.619862 -0.218559 1.518820 0.732940 -0.908260 -0.720134 
1.000000 0.949130 -0.498810 1.115940 -0.916794 0.638377 -0.720134 
1.000000 0.510107 0.622196 0.597947 -0.439239 1.497620 1.415190 
1.000000 1.278400 1.014550 -0.744987 -0.091927 -0.220866 -0.720134 
1.000000 0.400351 0.005643 -0.898465 0.429042 -0.220866 1.415190 
1.000000 0.071083 -0.218559 0.617131 -2.132390 0.466528 -0.720134 
1.000000 -0.148428 3.256560 0.617131 1.861710 -0.908260 0.347527 
1.000000 -0.916719 -1.339570 0.463653 -1.481180 -0.049017 0.347527 
1.000000 -0.806963 -0.554861 0.444469 0.602698 -0.478638 -0.720134 
1.000000 0.071083 -0.106458 -1.282160 -2.045560 0.896149 0.347527 
1.000000 -0.697207 -0.779062 -1.205420 -0.569482 0.810225 2.482850 
1.000000 0.839374 -0.218559 0.060773 -0.222169 0.294680 0.347527 
1.000000 0.729618 1.462950 -1.665860 -0.308997 4.419040 2.482850 
1.000000 0.290595 -1.227460 -0.399661 0.559284 1.239850 0.347527 
1.000000 -0.367940 -0.498810 -0.744987 0.689526 -0.049017 1.415190 
1.000000 0.619862 0.622196 1.077570 -0.265583 -0.049017 -0.720134 
1.000000 0.071083 -0.498810 -0.035151 -0.352411 0.122831 0.347527 
1.000000 -0.258184 -0.610911 0.597947 -2.479700 0.810225 1.415190 
1.000000 0.949130 0.622196 -0.744987 -0.873380 0.810225 1.415190 
1.000000 0.180839 -1.339570 1.614740 -0.395825 1.669470 0.347527 
1.000000 -0.477696 0.341945 0.904903 -1.307520 2.700560 2.482850 
1.000000 0.619862 0.229844 -1.627490 -1.177280 2.185010 0.347527 
1.000000 0.619862 -0.779062 0.175882 -0.526068 2.185010 0.347527 
1.000000 -0.038672 -0.106458 1.960060 -0.873380 0.122831 0.347527 
1.000000 -1.026470 0.902448 -0.380476 -0.222169 2.185010 -0.720134 
1.000000 -0.038672 1.462950 0.732240 -0.308997 -0.220866 0.347527 
1.000000 -1.136230 0.454045 1.115940 -0.222169 -0.908260 2.482850 
1.000000 -0.148428 -0.779062 -1.205420 -1.698250 0.294680 0.347527 
1.000000 -2.233790 -0.779062 -1.013570 -0.960208 0.466528 -0.720134 
1.000000 0.839374 0.902448 2.996040 0.081729 2.528710 2.482850 
1.000000 0.949130 0.341945 1.614740 0.255385 -0.908260 -0.720134 
1.000000 -0.367940 -1.227460 -0.399661 0.342213 -0.908260 0.347527 
1.000000 0.400351 0.341945 -1.416450 0.429042 -0.908260 0.347527 
1.000000 -1.575250 -1.339570 -1.512380 0.255385 -0.908260 -0.720134 
1.000000 -1.794770 -0.891163 -0.610694 -0.526068 0.122831 -0.720134 
1.000000 0.290595 0.902448 0.367729 -1.785080 -0.220866 -0.720134 
1.000000 -0.148428 -1.339570 -0.226998 -1.133860 1.497620 0.347527 
1.000000 0.400351 1.462950 0.425284 -1.177280 -0.908260 -0.720134 
1.000000 1.278400 -0.498810 0.060773 0.472456 -0.736411 1.415190 