starting likelihood: -174.673090
betas:
0.211 0.192 -0.149 -0.091 0.574 -0.420 -0.695 
0.000 0.000 0.000 0.000 0.000 0.000 0.000 
iteration: 0 likelihood: -122.479519
betas:
0.161 0.298 -0.261 -0.148 0.763 -0.619 -1.028 
0.000 0.000 0.000 0.000 0.000 0.000 0.000 
iteration: 1 likelihood: -117.542469
betas:
0.126 0.336 -0.305 -0.169 0.826 -0.679 -1.143 
0.000 0.000 0.000 0.000 0.000 0.000 0.000 
iteration: 2 likelihood: -117.218844
betas:
0.123 0.339 -0.309 -0.171 0.832 -0.684 -1.153 
0.000 0.000 0.000 0.000 0.000 0.000 0.000 
iteration: 3 likelihood: -117.216718
betas:
0.123 0.339 -0.309 -0.171 0.832 -0.684 -1.153 
0.000 0.000 0.000 0.000 0.000 0.000 0.000 
iteration: 4 likelihood: -117.216718
2 7
0.122505335647247179386987 0.339179262793440905454645 -0.309031366512323713013899 -0.170997395864727230740954 0.831924677740298990080703 -0.684479819789935217677623 -1.153135940473124509964009 
0.000000000000000000000000 0.000000000000000000000000 0.000000000000000000000000 0.000000000000000000000000 0.000000000000000000000000 0.000000000000000000000000 0.000000000000000000000000 
2 7
0.122505335647247179386987 0.339179262793440905454645 -0.309031366512323713013899 -0.170997395864727230740954 0.831924677740298990080703 -0.684479819789935217677623 -1.153135940473124509964009 
0.000000000000000000000000 0.000000000000000000000000 0.000000000000000000000000 0.000000000000000000000000 0.000000000000000000000000 0.000000000000000000000000 0.000000000000000000000000 
117 19 
35 81 
success rate: 78.571%, error rate: 21.429%
